<?xml version="1.0" encoding="UTF-8"?>
<testng-results skipped="0" failed="0" ignored="0" total="1" passed="1">
  <reporter-output>
  </reporter-output>
  <suite name="Default suite" duration-ms="34630" started-at="2018-02-27T09:00:57Z" finished-at="2018-02-27T09:01:32Z">
    <groups>
    </groups>
    <test name="Default test" duration-ms="34630" started-at="2018-02-27T09:00:57Z" finished-at="2018-02-27T09:01:32Z">
      <class name="com.test.automation.uiautomation.addtocartpage.TC001_verifyAddToCart">
        <test-method status="PASS" signature="setup()[pri:0, instance:com.test.automation.uiautomation.addtocartpage.TC001_verifyAddToCart@31a5c39e]" name="setup" is-config="true" duration-ms="27884" started-at="2018-02-27T09:00:57Z" finished-at="2018-02-27T09:01:25Z">
          <reporter-output>
          </reporter-output>
        </test-method> <!-- setup -->
        <test-method status="PASS" signature="VerifyAddtoCart()[pri:0, instance:com.test.automation.uiautomation.addtocartpage.TC001_verifyAddToCart@31a5c39e]" name="VerifyAddtoCart" duration-ms="5960" started-at="2018-02-27T09:01:25Z" finished-at="2018-02-27T09:01:31Z">
          <reporter-output>
          </reporter-output>
        </test-method> <!-- VerifyAddtoCart -->
        <test-method status="PASS" signature="aftertest()[pri:0, instance:com.test.automation.uiautomation.addtocartpage.TC001_verifyAddToCart@31a5c39e]" name="aftertest" is-config="true" duration-ms="753" started-at="2018-02-27T09:01:31Z" finished-at="2018-02-27T09:01:32Z">
          <reporter-output>
          </reporter-output>
        </test-method> <!-- aftertest -->
      </class> <!-- com.test.automation.uiautomation.addtocartpage.TC001_verifyAddToCart -->
    </test> <!-- Default test -->
  </suite> <!-- Default suite -->
</testng-results>
