<?xml version="1.0" encoding="UTF-8"?>
<!-- Generated by org.testng.reporters.JUnitXMLReporter -->
<testsuite hostname="DESKTOP-EMUC3N5" ignored="0" name="TC001_verifyLoginWithInvalidCredentials" tests="1" failures="0" timestamp="26 Feb 2018 10:51:16 GMT" time="77.751" errors="0">
  <testcase name="verfiyLoginWithInvalidCredentials" time="62.84" classname="com.test.automation.uiautomation.loginpage.TC001_verifyLoginWithInvalidCredentials"/>
</testsuite> <!-- TC001_verifyLoginWithInvalidCredentials -->
